[19908:22900:2025-10-15 9:32:14.94] Main Start
[19908:22900:2025-10-15 9:32:14.94] Command line:"C:\Users\abrow\OneDrive\Documents\ANotreDameGradSchool\Coursework\2025_B_Fall\ComputerVision\hurricane-center-project\data_from_tien\Zoom_cm_ffvwukbsrkZ9vvrZo4_mihujzYqyWdGOBrDSYOkfxX2id4PHmMs6T3M@MKBUDccvhCYt1NP5_kd8993cb146ae39d8_.exe"  Instance:0xC30000 Show State:1
[19908:22900:2025-10-15 9:32:14.150] Zoo
[19908:7872:2025-10-15 9:32:14.156] [process_requst] start, url:https://notredame.zoom.us/conf/launch
[19908:7872:2025-10-15 9:32:14.461] [req_state_read_status_code] zHttpQueryInfo complete, status:200
[19908:7872:2025-10-15 9:32:14.461] [req_state_read_status_code] zHttpQueryInfo complete, status:200 Error: 0
[19908:7872:2025-10-15 9:32:14.461] [read_response_content] API call zHttpQueryInfo failed, error: 12150
[19908:7872:2025-10-15 9:32:14.463] [log_response_content] Content length (1048576 as unknown):1048576 , Total read: 2200 , Error No: 0 , Status code: 200
[19908:7872:2025-10-15 9:32:14.463] [log_response_content] header:
[19908:7872:2025-10-15 9:32:14.463] HTTP/1.1 200 OK
Date: Wed, 15 Oct 2025 13:32:15 GMT
Content-Type: text/plain;charset=utf-8
Transfer-Encoding: chunked
Connection: keep-alive
x-zm-trackingid: v=2.0;clid=aw1;rid=WEB_4a54501bb64801896798df7cc9398a7b
x-content-type-options: nosniff
content-security-policy: upgrade-insecure-requests; default-src https://*.zoom.us https://zoom.us blob: 'self'; img-src https: about: blob: data: 'self'; style-src https: safari-extension: chrome-extension: 'unsafe-inline' data: 'self'; font-src https: safari-extension: chrome-extension: blob: data: 'self'; connect-src * about: blob: data: 'self'; media-src * rtmp: blob: data: 'self'; frame-src https: ms-appx-web: zoommtg: zoomus: wvjbscheme: zoomprc: data: blob: 'self'; object-src 'none'; base-uri 'none';
x-frame-options: SAMEORIGIN
Set-Cookie: _zm_feature=; Max-Age=0; Expires=Thu, 01 Jan 1970 00:00:10 GMT; Secure; HttpOnly
x-zm-zoneid: VA
strict-transport-security: max-age=31536000; includeSubDomains
x-xss-protection: 1; mode=block
referrer-policy: strict-origin-when-cross-origin
vary: accept-encoding
cf-cache-status: DYNAMIC
Set-Cookie: zm_aid=; Max-Age=0; Expires=Thu, 01 Jan 1970 00:00:10 GMT; Domain=zoom.us; Path=/; Secure; HttpOnly
Set-Cookie: zm_haid=; Max-Age=0; Expires=Thu, 01 Jan 1970 00:00:10 GMT; Domain=zoom.us; Path=/; Secure; HttpOnly
Set-Cookie: zm_tmaid=; Max-Age=0; Expires=Thu, 01 Jan 1970 00:00:10 GMT; Domain=zoom.us; Path=/; Secure; HttpOnly
Set-Cookie: zm_htmaid=; Max-Age=0; Expires=Thu, 01 Jan 1970 00:00:10 GMT; Domain=zoom.us; Path=/; Secure; HttpOnly
Set-Cookie: cred=53EFBFB706B7FD1B423EECA388CE27B8; Path=/; Secure; HttpOnly
Set-Cookie: _zm_page_auth=aw1_c_-pC5YbJRQUO1KehF2HZ4TQ; Domain=zoom.us; Path=/; Secure; HttpOnly
Set-Cookie: _zm_ssid=aw1_c_Bc0NKtvSS6WYTqJqbf2ozQ; Domain=zoom.us; Path=/; Secure; HttpOnly
Set-Cookie: _zm_ctaid=PyhOv26_R2CPzDJyRxulsA.1760535135075.dcd08a4a289e8950fb0156dc7d8b9799; Max-Age=7200; Expires=Wed, 15 Oct 2025 15:32:15 GMT; Domain=zoom.us; Path=/; Secure; HttpOnly
Set-Cookie: _zm_chtaid=306; Max-Age=7200; Expires=Wed, 15 Oct 2025 15:32:15 GMT; Domain=zoom.us; Path=/; Secure; HttpOnly
Set-Cookie: _zm_mtk_guid=9594bb914efe4f42946f5473de717eee; Max-Age=63072000; Expires=Fri, 15 Oct 2027 13:32:15 GMT; Domain=zoom.us; Path=/; Secure
Set-Cookie: __cf_bm=DLHun_uLWBQu6wuHTC9VWuUBQKLPKEgLhyZ6mFMjmKY-1760535135-1.0.1.1-uY2aaYjfRSxKUDd_QbkulkZQ4W5z._IqDWp75OE31hWoGhy_6hNXyoC4fQWeOP_5qMxABj_1KClLNSCbfpEOZxXIFB0_.SK4YkkRad6kqyg; path=/; expires=Wed, 15-Oct-25 14:02:15 GMT; domain=.zoom.us; HttpOnly; Secure; SameSite=None
Report-To: {"endpoints":[{"url":"https:\/\/a.nel.cloudflare.com\/report\/v4?s=bE9wpszporODjwRNRZUXcylwzMe8WLkgTgO5%2FwZaCKqm90XEeLjOshZXKTgFOqZZe14%2BiQSlNLe4uN1lt78rPrG9ma2XzUSvSTazWqyC%2BIt8twsalXbafUFmAnO7kcLbKxLL"}],"group":"cf-nel","max_age":604800}
NEL: {"success_fraction":0.01,"report_to":"cf-nel","max_age":604800}
Server: cloudflare
CF-RAY: 98efae71ffc021b1-ORD
alt-svc: h3=":443"; ma=86400


[19908:7872:2025-10-15 9:32:14.463] [process_requst] End for url:https://notredame.zoom.us/conf/launch, return code:200, Error:0, Response content size:2200
[19908:22900:2025-10-15 9:32:14.523] [client_has_installed_app] found path:
[19908:22900:2025-10-15 9:32:14.523]  ***NULL-POINTER-PLACEHOLDER***
[19908:22900:2025-10-15 9:32:14.524] [param_query_local_path] path is: C:\Users\abrow\AppData\Roaming\Zoom\ZoomDownload\ dir create response : 1 system error: 1008
[19908:22900:2025-10-15 9:32:14.524] [downloader_run] State:0
[19908:4780:2025-10-15 9:32:14.527] [process_requst] start, url:https://notredame.zoom.us/client/latest/Installer.exe?archType=x64
[19908:22900:2025-10-15 9:32:14.528] [client_has_installed_app] found path:
[19908:22900:2025-10-15 9:32:14.528]  ***NULL-POINTER-PLACEHOLDER***
[19908:4780:2025-10-15 9:32:14.849] [req_state_read_status_code] zHttpQueryInfo complete, status:200
[19908:4780:2025-10-15 9:32:14.849] [req_state_read_status_code] zHttpQueryInfo complete, status:200 Error: 0
[19908:4780:2025-10-15 9:32:15.77] [read_response_file] Status Code:200, content length: 1140144, total read: 1140144, error code: 0
[19908:4780:2025-10-15 9:32:15.87] [process_requst] End for url:https://notredame.zoom.us/client/latest/Installer.exe?archType=x64, return code:200, Error:0, Response content size:0
[19908:22900:2025-10-15 9:32:15.155] [handle_download_job_done] Index: 1 Curr index: 1 StatusCode: 200 Error: 0 Response is Empty. 
[19908:4780:2025-10-15 9:32:15.230] [process_requst] start, url:https://notredame.zoom.us/client/latest/Zoom.msi?archType=x64
[19908:4780:2025-10-15 9:32:15.391] [req_state_read_status_code] zHttpQueryInfo complete, status:200
[19908:4780:2025-10-15 9:32:15.391] [req_state_read_status_code] zHttpQueryInfo complete, status:200 Error: 0
[19908:4780:2025-10-15 9:32:23.846] [read_response_file] Status Code:200, content length: 43357757, total read: 43357757, error code: 0
[19908:4780:2025-10-15 9:32:23.857] [process_requst] End for url:https://notredame.zoom.us/client/latest/Zoom.msi?archType=x64, return code:200, Error:0, Response content size:0
[19908:22900:2025-10-15 9:32:23.899] [handle_download_job_done] Index: 3 Curr index: 3 StatusCode: 200 Error: 0 Response is Empty. 
[19908:22900:2025-10-15 9:32:23.923] C:\Users\abrow\AppData\Roaming\Zoom\ZoomDownload\Installer.exe
[19908:22900:2025-10-15 9:32:23.923] ZInstaller --conf.mode=silent --ipc_wnd=1116766
[19908:22900:2025-10-15 9:32:24.228] [launch_silent_install] Installer process created, result:42
[19908:22900:2025-10-15 9:32:38.46] C:\Users\abrow\AppData\Roaming\Zoom\bin\Zoom.exe
[19908:22900:2025-10-15 9:32:38.62] client_launch_app: 
[19908:22900:2025-10-15 9:32:38.62] C:\Users\abrow\AppData\Roaming\Zoom\bin\Zoom.exe
[19908:22900:2025-10-15 9:32:38.62] "--url=zoommtg://win.launch?h.domain=notredame.zoom.us&h.path=join&confid=dXNzPTJJdEJfcEhkT0NDcTRpX1dxcDR1aXI1c2pSd3RVTEpHbi1QX0xXWml3TlNVNF9EVGxBanQ5U3ZjQndQNlMxNUNTak1WUHFjSkQ1YnJlT3dZWjdiczhqZGlUUUNhVWtMeXpydXJEVmI3dlllYU5FaVAyQ3BERUZWaVR6aWNxRFhCLWdCbkhXS2p5RUpjTGRZY1RYSTRycEtHaEMycF9YQVNMMlJsaWFCM2pEM3dxZ3Y1UVY1MWw5RGZoNklOaWtkZkpQTG1iOHNNNURfR0ZVbFBvakJ1QVQyYkk1ZDBmbXM0SHVrRUJ3TE5pZVd3LjcyZklKMldUbUxEbno2eGImdGlkPWZkMTY5NDE4NzVjNDQ3Mjg4NDNhZmNhZDIwNjNlYzc3&mcv=0.92.11227.0929&stype=0&zc=0&browser=chrome&action=join&confno=9550406487&pwd=VjVENGtFdmZLcWtMWEM1ekc4a3RXUT09"
[19908:22900:2025-10-15 9:32:38.95] [client_launch_app] Zoom app process created, result:42
[19908:22900:2025-10-15 9:32:38.187] Main End
